# JRE version: Java(TM) SE Runtime Environment (17.0.11+7) (build 17.0.11+7-LTS-207)
# Java VM: Java HotSpot(TM) 64-Bit Server VM (17.0.11+7-LTS-207, mixed mode, sharing, tiered, compressed oops, compressed class ptrs, g1 gc, windows-amd64)
GC Precious Log:
 CPUs: 4 total, 4 available
 Memory: 8064M
 Large Page Support: Disabled
 NUMA Support: Disabled
 Compressed Oops: Enabled (32-bit)
 Heap Region Size: 1M
 Heap Min Capacity: 8M
 Heap Initial Capacity: 128M
 Heap Max Capacity: 2G
 Pre-touch: Disabled
 Parallel Workers: 4
 Concurrent Workers: 1
 Concurrent Refinement Workers: 4
 Periodic GC: Disabled
Heap:
 garbage-first heap   total 523264K, used 372189K [0x0000000080000000, 0x0000000100000000)
  region size 1024K, 238 young (243712K), 18 survivors (18432K)
 Metaspace       used 108239K, committed 109248K, reserved 557056K
  class space    used 15038K, committed 15552K, reserved 425984K
GC Heap History (20 events):
Event: 22.481 GC heap before
{Heap before GC invocations=26 (full 0):
 garbage-first heap   total 176128K, used 143414K [0x0000000080000000, 0x0000000100000000)
  region size 1024K, 68 young (69632K), 6 survivors (6144K)
 Metaspace       used 71670K, committed 72448K, reserved 491520K
  class space    used 10113K, committed 10496K, reserved 425984K
}
Event: 22.491 GC heap after
{Heap after GC invocations=27 (full 0):
 garbage-first heap   total 176128K, used 85187K [0x0000000080000000, 0x0000000100000000)
  region size 1024K, 8 young (8192K), 8 survivors (8192K)
 Metaspace       used 71670K, committed 72448K, reserved 491520K
  class space    used 10113K, committed 10496K, reserved 425984K
}
Event: 23.828 GC heap before
{Heap before GC invocations=27 (full 0):
 garbage-first heap   total 176128K, used 106691K [0x0000000080000000, 0x0000000100000000)
  region size 1024K, 29 young (29696K), 8 survivors (8192K)
 Metaspace       used 73811K, committed 74624K, reserved 491520K
  class space    used 10365K, committed 10752K, reserved 425984K
}
Event: 23.836 GC heap after
{Heap after GC invocations=28 (full 0):
 garbage-first heap   total 176128K, used 89908K [0x0000000080000000, 0x0000000100000000)
  region size 1024K, 4 young (4096K), 4 survivors (4096K)
 Metaspace       used 73811K, committed 74624K, reserved 491520K
  class space    used 10365K, committed 10752K, reserved 425984K
}
Event: 25.181 GC heap before
{Heap before GC invocations=29 (full 0):
 garbage-first heap   total 176128K, used 147252K [0x0000000080000000, 0x0000000100000000)
  region size 1024K, 55 young (56320K), 4 survivors (4096K)
 Metaspace       used 76786K, committed 77568K, reserved 557056K
  class space    used 10768K, committed 11136K, reserved 425984K
}
Event: 25.193 GC heap after
{Heap after GC invocations=30 (full 0):
 garbage-first heap   total 176128K, used 91462K [0x0000000080000000, 0x0000000100000000)
  region size 1024K, 7 young (7168K), 7 survivors (7168K)
 Metaspace       used 76786K, committed 77568K, reserved 557056K
  class space    used 10768K, committed 11136K, reserved 425984K
}
Event: 25.209 GC heap before
{Heap before GC invocations=30 (full 0):
 garbage-first heap   total 176128K, used 91462K [0x0000000080000000, 0x0000000100000000)
  region size 1024K, 8 young (8192K), 7 survivors (7168K)
 Metaspace       used 76837K, committed 77568K, reserved 557056K
  class space    used 10776K, committed 11136K, reserved 425984K
}
Event: 25.218 GC heap after
{Heap after GC invocations=31 (full 0):
 garbage-first heap   total 176128K, used 90621K [0x0000000080000000, 0x0000000100000000)
  region size 1024K, 1 young (1024K), 1 survivors (1024K)
 Metaspace       used 76837K, committed 77568K, reserved 557056K
  class space    used 10776K, committed 11136K, reserved 425984K
}
Event: 26.347 GC heap before
{Heap before GC invocations=31 (full 0):
 garbage-first heap   total 176128K, used 142845K [0x0000000080000000, 0x0000000100000000)
  region size 1024K, 52 young (53248K), 1 survivors (1024K)
 Metaspace       used 80637K, committed 81408K, reserved 557056K
  class space    used 11292K, committed 11648K, reserved 425984K
}
Event: 26.352 GC heap after
{Heap after GC invocations=32 (full 0):
 garbage-first heap   total 176128K, used 91703K [0x0000000080000000, 0x0000000100000000)
  region size 1024K, 2 young (2048K), 2 survivors (2048K)
 Metaspace       used 80637K, committed 81408K, reserved 557056K
  class space    used 11292K, committed 11648K, reserved 425984K
}
Event: 27.315 GC heap before
{Heap before GC invocations=33 (full 0):
 garbage-first heap   total 176128K, used 143927K [0x0000000080000000, 0x0000000100000000)
  region size 1024K, 53 young (54272K), 2 survivors (2048K)
 Metaspace       used 82237K, committed 83008K, reserved 557056K
  class space    used 11514K, committed 11840K, reserved 425984K
}
Event: 27.323 GC heap after
{Heap after GC invocations=34 (full 0):
 garbage-first heap   total 176128K, used 94909K [0x0000000080000000, 0x0000000100000000)
  region size 1024K, 6 young (6144K), 6 survivors (6144K)
 Metaspace       used 82237K, committed 83008K, reserved 557056K
  class space    used 11514K, committed 11840K, reserved 425984K
}
Event: 27.336 GC heap before
{Heap before GC invocations=34 (full 0):
 garbage-first heap   total 176128K, used 96957K [0x0000000080000000, 0x0000000100000000)
  region size 1024K, 8 young (8192K), 6 survivors (6144K)
 Metaspace       used 82237K, committed 83008K, reserved 557056K
  class space    used 11514K, committed 11840K, reserved 425984K
}
Event: 27.343 GC heap after
{Heap after GC invocations=35 (full 0):
 garbage-first heap   total 176128K, used 94168K [0x0000000080000000, 0x0000000100000000)
  region size 1024K, 1 young (1024K), 1 survivors (1024K)
 Metaspace       used 82237K, committed 83008K, reserved 557056K
  class space    used 11514K, committed 11840K, reserved 425984K
}
Event: 34.994 GC heap before
{Heap before GC invocations=35 (full 0):
 garbage-first heap   total 176128K, used 145368K [0x0000000080000000, 0x0000000100000000)
  region size 1024K, 51 young (52224K), 1 survivors (1024K)
 Metaspace       used 84864K, committed 85632K, reserved 557056K
  class space    used 11875K, committed 12224K, reserved 425984K
}
Event: 35.004 GC heap after
{Heap after GC invocations=36 (full 0):
 garbage-first heap   total 523264K, used 97398K [0x0000000080000000, 0x0000000100000000)
  region size 1024K, 4 young (4096K), 4 survivors (4096K)
 Metaspace       used 84864K, committed 85632K, reserved 557056K
  class space    used 11875K, committed 12224K, reserved 425984K
}
Event: 51.931 GC heap before
{Heap before GC invocations=36 (full 0):
 garbage-first heap   total 523264K, used 411766K [0x0000000080000000, 0x0000000100000000)
  region size 1024K, 306 young (313344K), 4 survivors (4096K)
 Metaspace       used 99936K, committed 100928K, reserved 557056K
  class space    used 14047K, committed 14528K, reserved 425984K
}
Event: 51.975 GC heap after
{Heap after GC invocations=37 (full 0):
 garbage-first heap   total 523264K, used 131042K [0x0000000080000000, 0x0000000100000000)
  region size 1024K, 32 young (32768K), 32 survivors (32768K)
 Metaspace       used 99936K, committed 100928K, reserved 557056K
  class space    used 14047K, committed 14528K, reserved 425984K
}
Event: 66.160 GC heap before
{Heap before GC invocations=37 (full 0):
 garbage-first heap   total 523264K, used 366562K [0x0000000080000000, 0x0000000100000000)
  region size 1024K, 262 young (268288K), 32 survivors (32768K)
 Metaspace       used 103836K, committed 104832K, reserved 557056K
  class space    used 14494K, committed 14976K, reserved 425984K
}
Event: 66.243 GC heap after
{Heap after GC invocations=38 (full 0):
 garbage-first heap   total 523264K, used 148957K [0x0000000080000000, 0x0000000100000000)
  region size 1024K, 18 young (18432K), 18 survivors (18432K)
 Metaspace       used 103836K, committed 104832K, reserved 557056K
  class space    used 14494K, committed 14976K, reserved 425984K
}

